  main.cpp
C:\Users\yamil\Desktop\SFML\SFML\main.cpp(160,28): warning C4244: 'argument': conversion from 'int' to 'float', possible loss of data
C:\Users\yamil\Desktop\SFML\SFML\main.cpp(164,38): warning C4244: 'argument': conversion from 'int' to 'float', possible loss of data
C:\Users\yamil\Desktop\SFML\SFML\main.cpp(164,26): warning C4244: 'argument': conversion from 'int' to 'float', possible loss of data
C:\Users\yamil\Desktop\SFML\SFML\main.cpp(180,42): warning C4244: 'argument': conversion from 'int' to 'T', possible loss of data
          with
          [
              T=float
          ]
C:\Users\yamil\Desktop\SFML\SFML\main.cpp(180,37): warning C4244: 'argument': conversion from 'int' to 'T', possible loss of data
          with
          [
              T=float
          ]
C:\Users\yamil\Desktop\SFML\SFML\main.cpp(181,60): warning C4244: 'argument': conversion from 'int' to 'T', possible loss of data
          with
          [
              T=float
          ]
C:\Users\yamil\Desktop\SFML\SFML\main.cpp(181,37): warning C4244: 'argument': conversion from 'int' to 'T', possible loss of data
          with
          [
              T=float
          ]
C:\Users\yamil\Desktop\SFML\SFML\main.cpp(191,42): warning C4244: 'argument': conversion from 'int' to 'T', possible loss of data
          with
          [
              T=float
          ]
C:\Users\yamil\Desktop\SFML\SFML\main.cpp(191,37): warning C4244: 'argument': conversion from 'int' to 'T', possible loss of data
          with
          [
              T=float
          ]
C:\Users\yamil\Desktop\SFML\SFML\main.cpp(192,62): warning C4244: 'argument': conversion from 'int' to 'T', possible loss of data
          with
          [
              T=float
          ]
C:\Users\yamil\Desktop\SFML\SFML\main.cpp(192,37): warning C4244: 'argument': conversion from 'int' to 'T', possible loss of data
          with
          [
              T=float
          ]
  SFML.vcxproj -> C:\Users\yamil\Desktop\SFML\SFML\x64\Debug\SFML.exe
